<?xml version="1.0" encoding="UTF-8"?>
<!-- Generated by org.testng.reporters.JUnitReportReporter -->
<testsuite skipped="0" hostname="lslcwksg6161309" name="com.test.Invocationtests" tests="10" failures="0" timestamp="13 Aug 2019 17:03:27 GMT" time="0.013" errors="0">
  <testcase name="sum" time="0.001" classname="com.test.Invocationtests"/>
  <testcase name="divide" time="0.001" classname="com.test.Invocationtests"/>
  <testcase name="divide" time="0.001" classname="com.test.Invocationtests"/>
  <testcase name="sum" time="0.001" classname="com.test.Invocationtests"/>
  <testcase name="multiply" time="0.001" classname="com.test.Invocationtests"/>
  <testcase name="divide" time="0.002" classname="com.test.Invocationtests"/>
  <testcase name="divide" time="0.001" classname="com.test.Invocationtests"/>
  <testcase name="sum" time="0.003" classname="com.test.Invocationtests"/>
  <testcase name="divide" time="0.001" classname="com.test.Invocationtests"/>
  <testcase name="multiply" time="0.001" classname="com.test.Invocationtests"/>
</testsuite> <!-- com.test.Invocationtests -->
