<?xml version="1.0" encoding="UTF-8"?>
<!-- Generated by org.testng.reporters.JUnitReportReporter -->
<testsuite skipped="0" hostname="lslcwksg6161309" name="src.demo.DemoGit" tests="1" failures="0" timestamp="16 Aug 2019 21:39:08 GMT" time="0.014" errors="0">
  <testcase name="test" time="0.014" classname="src.demo.DemoGit"/>
</testsuite> <!-- src.demo.DemoGit -->
