<?xml version="1.0" encoding="UTF-8"?>
<!-- Generated by org.testng.reporters.JUnitReportReporter -->
<testsuite skipped="0" hostname="lslcwksg6161309" name="com.test.GroupsTest" tests="7" failures="0" timestamp="12 Aug 2019 17:44:03 GMT" time="0.021" errors="0">
  <testcase name="divide" time="0.010" classname="com.test.GroupsTest"/>
  <testcase name="divide" time="0.002" classname="com.test.GroupsTest"/>
  <testcase name="multiply" time="0.002" classname="com.test.GroupsTest"/>
  <testcase name="divide" time="0.001" classname="com.test.GroupsTest"/>
  <testcase name="divide" time="0.002" classname="com.test.GroupsTest"/>
  <testcase name="sum" time="0.002" classname="com.test.GroupsTest"/>
  <testcase name="divide" time="0.002" classname="com.test.GroupsTest"/>
</testsuite> <!-- com.test.GroupsTest -->
