<?xml version="1.0" encoding="UTF-8"?>
<!-- Generated by org.testng.reporters.JUnitReportReporter -->
<testsuite skipped="0" hostname="lslcwksg6161309" name="com.test.ExceptionTimeOutTest" tests="1" failures="0" timestamp="13 Aug 2019 17:03:27 GMT" time="0.005" errors="0">
  <testcase name="expectedExcep" time="0.005" classname="com.test.ExceptionTimeOutTest"/>
</testsuite> <!-- com.test.ExceptionTimeOutTest -->
