<?xml version="1.0" encoding="UTF-8"?>
<!-- Generated by org.testng.reporters.JUnitReportReporter -->
<testsuite skipped="1" hostname="lslcwksg6161309" name="practiceTestNG.PracticeTestNG" tests="2" failures="0" timestamp="13 Aug 2019 23:23:17 GMT" time="18.293" errors="0">
  <testcase name="loginIntoFacebook" time="18.293" classname="practiceTestNG.PracticeTestNG"/>
  <testcase name="facebooktitleTest" classname="practiceTestNG.PracticeTestNG">
    <skipped/>
  </testcase> <!-- facebooktitleTest -->
</testsuite> <!-- practiceTestNG.PracticeTestNG -->
