<?xml version="1.0" encoding="UTF-8"?>
<!-- Generated by org.testng.reporters.JUnitReportReporter -->
<testsuite skipped="0" hostname="lslcwksg6161309" name="com.test.GoogleTitleTest" tests="2" failures="0" timestamp="12 Aug 2019 17:34:32 GMT" time="16.587" errors="0">
  <testcase name="googleLogoTest" time="8.606" classname="com.test.GoogleTitleTest"/>
  <testcase name="googleTitleTest" time="7.981" classname="com.test.GoogleTitleTest"/>
</testsuite> <!-- com.test.GoogleTitleTest -->
