<?xml version="1.0" encoding="UTF-8"?>
<!-- Generated by org.testng.reporters.JUnitReportReporter -->
<testsuite skipped="0" hostname="lslcwksg6161309" name="com.test.ExpectedExceptionDemo" tests="1" failures="0" timestamp="13 Aug 2019 16:55:51 GMT" time="0.018" errors="0">
  <testcase name="test" time="0.018" classname="com.test.ExpectedExceptionDemo"/>
</testsuite> <!-- com.test.ExpectedExceptionDemo -->
