<?xml version="1.0" encoding="UTF-8"?>
<!-- Generated by org.testng.reporters.JUnitReportReporter -->
<testsuite skipped="0" hostname="lslcwksg6161309" name="com.parameters.ParametersTest11" tests="1" failures="0" timestamp="12 Aug 2019 04:52:03 GMT" time="20.554" errors="0">
  <testcase name="test" time="20.554" classname="com.parameters.ParametersTest11"/>
</testsuite> <!-- com.parameters.ParametersTest11 -->
