<?xml version="1.0" encoding="UTF-8"?>
<!-- Generated by org.testng.reporters.JUnitReportReporter -->
<testsuite skipped="1" hostname="lslcwksg6161309" name="dataProviderHalfEbay.HalfEbayTest" tests="1" failures="0" timestamp="14 Aug 2019 21:07:38 GMT" time="0.000" errors="0">
  <testcase name="registerEbay" time="0.000" classname="dataProviderHalfEbay.HalfEbayTest">
    <skipped/>
  </testcase> <!-- registerEbay -->
</testsuite> <!-- dataProviderHalfEbay.HalfEbayTest -->
