<?xml version="1.0" encoding="UTF-8"?>
<!-- Generated by org.testng.reporters.JUnitReportReporter -->
<testsuite skipped="0" hostname="lslcwksg6161309" name="com.test.GoogleTest" tests="3" failures="0" timestamp="10 Aug 2019 19:20:11 GMT" time="30.629" errors="0">
  <testcase name="test" time="9.363" classname="com.test.GoogleTest"/>
  <testcase name="test2" time="11.816" classname="com.test.GoogleTest"/>
  <testcase name="test1" time="9.450" classname="com.test.GoogleTest"/>
</testsuite> <!-- com.test.GoogleTest -->
