<?xml version="1.0" encoding="UTF-8"?>
<!-- Generated by org.testng.reporters.JUnitReportReporter -->
<testsuite skipped="0" hostname="lslcwksg6161309" name="dataProviderTestNG.DataProviderInTestNG" tests="5" failures="0" timestamp="14 Aug 2019 21:57:42 GMT" time="64.515" errors="0">
  <testcase name="loginPageTest" time="12.976" classname="dataProviderTestNG.DataProviderInTestNG"/>
  <testcase name="loginPageTest" time="12.655" classname="dataProviderTestNG.DataProviderInTestNG"/>
  <testcase name="loginPageTest" time="14.120" classname="dataProviderTestNG.DataProviderInTestNG"/>
  <testcase name="loginPageTest" time="12.535" classname="dataProviderTestNG.DataProviderInTestNG"/>
  <testcase name="loginPageTest" time="12.229" classname="dataProviderTestNG.DataProviderInTestNG"/>
</testsuite> <!-- dataProviderTestNG.DataProviderInTestNG -->
