<?xml version="1.0" encoding="UTF-8"?>
<!-- Generated by org.testng.reporters.JUnitReportReporter -->
<testsuite skipped="0" hostname="lslcwksg6161309" name="com.test.TestNGBasics" tests="1" failures="0" timestamp="13 Aug 2019 17:03:27 GMT" time="0.001" errors="0">
  <testcase name="test" time="0.001" classname="com.test.TestNGBasics"/>
</testsuite> <!-- com.test.TestNGBasics -->
